{"level":"info","message":"{ clientId: '7uo0RfJeG', dif: 0 }","timestamp":"2019-02-25T11:08:32.860Z"}
{"level":"info","message":"{ clientId: '7uo0RfJeG', dif: 0 }","timestamp":"2019-02-25T11:08:37.854Z"}
{"level":"info","message":"{ clientId: '7-n4cquZm', dif: 502 }","timestamp":"2019-02-25T11:08:42.070Z"}
{"level":"info","message":"{ clientId: '7uo0RfJeG', dif: 0 }","timestamp":"2019-02-25T11:08:42.854Z"}
{"level":"info","message":"{ clientId: '7-n4cquZm', dif: 498 }","timestamp":"2019-02-25T11:08:47.068Z"}
{"level":"info","message":"{ clientId: '7uo0RfJeG', dif: 1 }","timestamp":"2019-02-25T11:08:47.854Z"}
{"level":"info","message":"{ clientId: '7-n4cquZm', dif: 501 }","timestamp":"2019-02-25T11:08:52.070Z"}
{"level":"info","message":"{ clientId: '7uo0RfJeG', dif: 0 }","timestamp":"2019-02-25T11:08:52.854Z"}
{"level":"info","message":"{ clientId: '7-n4cquZm', dif: 495 }","timestamp":"2019-02-25T11:08:57.066Z"}
{"level":"info","message":"{ clientId: 'EDWWvgzCf', dif: 501 }","timestamp":"2019-02-25T11:16:51.072Z"}
{"level":"info","message":"{ clientId: 'EDWWvgzCf', dif: 502 }","timestamp":"2019-02-25T11:16:56.067Z"}
{"level":"info","message":"{ clientId: 'EDWWvgzCf', dif: 500 }","timestamp":"2019-02-25T11:17:01.067Z"}
{"level":"info","message":"{ clientId: 'EDWWvgzCf', dif: 500 }","timestamp":"2019-02-25T11:17:06.067Z"}
{"level":"info","message":"{ clientId: 'EDWWvgzCf', dif: 499 }","timestamp":"2019-02-25T11:17:11.066Z"}
{"level":"info","message":"{ clientId: 'EDWWvgzCf', dif: 499 }","timestamp":"2019-02-25T11:17:16.067Z"}
{"level":"info","message":"{ clientId: 'EDWWvgzCf', dif: 500 }","timestamp":"2019-02-25T11:17:21.067Z"}
{"level":"info","message":"{ clientId: 'EDWWvgzCf', dif: 500 }","timestamp":"2019-02-25T11:17:26.067Z"}
{"level":"info","message":"{ clientId: 'EDWWvgzCf', dif: 500 }","timestamp":"2019-02-25T11:17:31.067Z"}
{"level":"info","message":"{ clientId: 'EDWWvgzCf', dif: 502 }","timestamp":"2019-02-25T11:17:36.069Z"}
{"level":"info","message":"{ clientId: 'EDWWvgzCf', dif: 501 }","timestamp":"2019-02-25T11:17:41.068Z"}
{"level":"info","message":"{ clientId: 'EDWWvgzCf', dif: 500 }","timestamp":"2019-02-25T11:17:46.067Z"}
{"level":"info","message":"{ clientId: 'EDWWvgzCf', dif: 500 }","timestamp":"2019-02-25T11:17:51.067Z"}
{"level":"info","message":"{ clientId: 'EDWWvgzCf', dif: 500 }","timestamp":"2019-02-25T11:17:56.067Z"}
{"level":"info","message":"{ clientId: 'EDWWvgzCf', dif: 499 }","timestamp":"2019-02-25T11:18:01.068Z"}
{"level":"info","message":"{ clientId: 'EDWWvgzCf', dif: 500 }","timestamp":"2019-02-25T11:18:06.068Z"}
{"level":"info","message":"{ clientId: 'EDWWvgzCf', dif: 499 }","timestamp":"2019-02-25T11:18:11.067Z"}
{"level":"info","message":"{ clientId: 'EDWWvgzCf', dif: 501 }","timestamp":"2019-02-25T11:18:16.067Z"}
{"level":"info","message":"{ clientId: 'EDWWvgzCf', dif: 500 }","timestamp":"2019-02-25T11:18:21.066Z"}
{"level":"info","message":"{ clientId: 'EDWWvgzCf', dif: 500 }","timestamp":"2019-02-25T11:18:26.068Z"}
{"level":"info","message":"{ clientId: 'EDWWvgzCf', dif: 500 }","timestamp":"2019-02-25T11:18:31.067Z"}
{"level":"info","message":"{ clientId: 'EDWWvgzCf', dif: 500 }","timestamp":"2019-02-25T11:18:36.066Z"}
{"level":"info","message":"{ clientId: 'EDWWvgzCf', dif: 499 }","timestamp":"2019-02-25T11:18:41.067Z"}
{"level":"info","message":"{ clientId: 'EDWWvgzCf', dif: 501 }","timestamp":"2019-02-25T11:18:46.067Z"}
{"level":"info","message":"{ clientId: 'EDWWvgzCf', dif: 500 }","timestamp":"2019-02-25T11:18:51.067Z"}
{"level":"info","message":"{ clientId: 'EDWWvgzCf', dif: 499 }","timestamp":"2019-02-25T11:18:56.067Z"}
{"level":"info","message":"{ clientId: 'EDWWvgzCf', dif: 500 }","timestamp":"2019-02-25T11:19:01.067Z"}
{"level":"info","message":"{ clientId: 'EDWWvgzCf', dif: 499 }","timestamp":"2019-02-25T11:19:06.067Z"}
{"level":"info","message":"{ clientId: 'EDWWvgzCf', dif: 500 }","timestamp":"2019-02-25T11:19:11.066Z"}
{"level":"info","message":"{ clientId: 'EDWWvgzCf', dif: 500 }","timestamp":"2019-02-25T11:19:16.066Z"}
{"level":"info","message":"{ clientId: 'EDWWvgzCf', dif: 500 }","timestamp":"2019-02-25T11:19:21.066Z"}
{"level":"info","message":"{ clientId: 'EDWWvgzCf', dif: 500 }","timestamp":"2019-02-25T11:19:26.066Z"}
{"level":"info","message":"{ clientId: 'EDWWvgzCf', dif: 498 }","timestamp":"2019-02-25T11:19:31.066Z"}
{"level":"info","message":"{ clientId: 'EDWWvgzCf', dif: 499 }","timestamp":"2019-02-25T11:19:36.069Z"}
{"level":"info","message":"{ clientId: 'EDWWvgzCf', dif: 500 }","timestamp":"2019-02-25T11:19:41.066Z"}
{"level":"info","message":"{ clientId: 'EDWWvgzCf', dif: 499 }","timestamp":"2019-02-25T11:19:46.067Z"}
{"level":"info","message":"{ clientId: 'EDWWvgzCf', dif: 499 }","timestamp":"2019-02-25T11:19:51.066Z"}
{"level":"info","message":"{ clientId: 'EDWWvgzCf', dif: 500 }","timestamp":"2019-02-25T11:19:56.066Z"}
{"level":"info","message":"{ clientId: 'EDWWvgzCf', dif: 500 }","timestamp":"2019-02-25T11:20:01.066Z"}
{"level":"info","message":"{ clientId: 'EDWWvgzCf', dif: 500 }","timestamp":"2019-02-25T11:20:06.066Z"}
{"level":"info","message":"{ clientId: 'EDWWvgzCf', dif: 505 }","timestamp":"2019-02-25T11:20:11.074Z"}
{"level":"info","message":"{ clientId: 'EDWWvgzCf', dif: 500 }","timestamp":"2019-02-25T11:20:16.067Z"}
{"level":"info","message":"{ clientId: 'EDWWvgzCf', dif: 500 }","timestamp":"2019-02-25T11:20:21.066Z"}
{"level":"info","message":"{ clientId: 'EDWWvgzCf', dif: 500 }","timestamp":"2019-02-25T11:20:26.067Z"}
{"level":"info","message":"{ clientId: 'EDWWvgzCf', dif: 500 }","timestamp":"2019-02-25T11:20:31.067Z"}
{"level":"info","message":"{ clientId: 'EDWWvgzCf', dif: 499 }","timestamp":"2019-02-25T11:20:36.066Z"}
{"level":"info","message":"{ clientId: 'EDWWvgzCf', dif: 499 }","timestamp":"2019-02-25T11:20:41.066Z"}
{"level":"info","message":"{ clientId: 'EDWWvgzCf', dif: 499 }","timestamp":"2019-02-25T11:20:46.067Z"}
{"level":"info","message":"{ clientId: 'EDWWvgzCf', dif: 500 }","timestamp":"2019-02-25T11:20:51.066Z"}
{"level":"info","message":"{ clientId: 'EDWWvgzCf', dif: 500 }","timestamp":"2019-02-25T11:20:56.066Z"}
{"level":"info","message":"{ clientId: 'EDWWvgzCf', dif: 501 }","timestamp":"2019-02-25T11:21:01.067Z"}
{"level":"info","message":"{ clientId: 'EDWWvgzCf', dif: 501 }","timestamp":"2019-02-25T11:21:06.066Z"}
{"level":"info","message":"{ clientId: 'EDWWvgzCf', dif: 499 }","timestamp":"2019-02-25T11:21:11.066Z"}
{"level":"info","message":"{ clientId: 'EDWWvgzCf', dif: 500 }","timestamp":"2019-02-25T11:21:16.067Z"}
{"level":"info","message":"{ clientId: 'EDWWvgzCf', dif: 500 }","timestamp":"2019-02-25T11:21:21.067Z"}
{"level":"info","message":"{ clientId: 'EDWWvgzCf', dif: 500 }","timestamp":"2019-02-25T11:21:26.067Z"}
{"level":"info","message":"{ clientId: 'EDWWvgzCf', dif: 500 }","timestamp":"2019-02-25T11:21:31.067Z"}
{"level":"info","message":"{ clientId: 'EDWWvgzCf', dif: 500 }","timestamp":"2019-02-25T11:21:36.067Z"}
{"level":"info","message":"{ clientId: 'EDWWvgzCf', dif: 501 }","timestamp":"2019-02-25T11:21:41.066Z"}
{"level":"info","message":"{ clientId: 'EDWWvgzCf', dif: 499 }","timestamp":"2019-02-25T11:21:46.067Z"}
{"level":"info","message":"{ clientId: 'EDWWvgzCf', dif: 501 }","timestamp":"2019-02-25T11:21:51.067Z"}
{"level":"info","message":"{ clientId: 'EDWWvgzCf', dif: 500 }","timestamp":"2019-02-25T11:21:56.068Z"}
{"level":"info","message":"{ clientId: 'EDWWvgzCf', dif: 501 }","timestamp":"2019-02-25T11:22:01.067Z"}
{"level":"info","message":"{ clientId: 'EDWWvgzCf', dif: 499 }","timestamp":"2019-02-25T11:22:06.066Z"}
{"level":"info","message":"{ clientId: 'EDWWvgzCf', dif: 500 }","timestamp":"2019-02-25T11:22:11.066Z"}
{"level":"info","message":"{ clientId: 'EDWWvgzCf', dif: 499 }","timestamp":"2019-02-25T11:22:16.067Z"}
{"level":"info","message":"{ clientId: 'EDWWvgzCf', dif: 500 }","timestamp":"2019-02-25T11:22:21.068Z"}
{"level":"info","message":"{ clientId: 'EDWWvgzCf', dif: 498 }","timestamp":"2019-02-25T11:22:26.066Z"}
{"level":"info","message":"{ clientId: 'EDWWvgzCf', dif: 500 }","timestamp":"2019-02-25T11:22:31.066Z"}
{"level":"info","message":"{ clientId: 'EDWWvgzCf', dif: 500 }","timestamp":"2019-02-25T11:22:36.067Z"}
{"level":"info","message":"{ clientId: 'EDWWvgzCf', dif: 500 }","timestamp":"2019-02-25T11:22:41.066Z"}
{"level":"info","message":"{ clientId: 'EDWWvgzCf', dif: 499 }","timestamp":"2019-02-25T11:22:46.067Z"}
{"level":"info","message":"{ clientId: 'EDWWvgzCf', dif: 500 }","timestamp":"2019-02-25T11:22:51.067Z"}
{"level":"info","message":"{ clientId: 'EDWWvgzCf', dif: 500 }","timestamp":"2019-02-25T11:22:56.067Z"}
{"level":"info","message":"{ clientId: 'EDWWvgzCf', dif: 500 }","timestamp":"2019-02-25T11:23:01.067Z"}
{"level":"info","message":"{ clientId: 'EDWWvgzCf', dif: 500 }","timestamp":"2019-02-25T11:23:06.067Z"}
{"level":"info","message":"{ clientId: 'EDWWvgzCf', dif: 500 }","timestamp":"2019-02-25T11:23:11.070Z"}
{"level":"info","message":"{ clientId: 'EDWWvgzCf', dif: 501 }","timestamp":"2019-02-25T11:23:16.075Z"}
{"level":"info","message":"{ clientId: 'EDWWvgzCf', dif: 499 }","timestamp":"2019-02-25T11:23:21.069Z"}
{"level":"info","message":"{ clientId: 'EDWWvgzCf', dif: 504 }","timestamp":"2019-02-25T11:23:26.074Z"}
{"level":"info","message":"{ clientId: 'EDWWvgzCf', dif: 501 }","timestamp":"2019-02-25T11:23:31.068Z"}
{"level":"info","message":"{ clientId: 'EDWWvgzCf', dif: 500 }","timestamp":"2019-02-25T11:23:36.085Z"}
{"level":"info","message":"{ clientId: 'EDWWvgzCf', dif: 501 }","timestamp":"2019-02-25T11:23:41.070Z"}
{"level":"info","message":"{ clientId: 'EDWWvgzCf', dif: 501 }","timestamp":"2019-02-25T11:23:46.069Z"}
{"level":"info","message":"{ clientId: 'EDWWvgzCf', dif: 500 }","timestamp":"2019-02-25T11:23:51.073Z"}
{"level":"info","message":"{ clientId: 'EDWWvgzCf', dif: 501 }","timestamp":"2019-02-25T11:23:56.069Z"}
{"level":"info","message":"{ clientId: 'EDWWvgzCf', dif: 500 }","timestamp":"2019-02-25T11:24:01.071Z"}
{"level":"info","message":"{ clientId: 'EDWWvgzCf', dif: 500 }","timestamp":"2019-02-25T11:24:06.069Z"}
{"level":"info","message":"{ clientId: 'EDWWvgzCf', dif: 500 }","timestamp":"2019-02-25T11:24:11.068Z"}
{"level":"info","message":"{ clientId: 'EDWWvgzCf', dif: 500 }","timestamp":"2019-02-25T11:24:16.070Z"}
{"level":"info","message":"{ clientId: 'EDWWvgzCf', dif: 499 }","timestamp":"2019-02-25T11:24:21.071Z"}
{"level":"info","message":"{ clientId: 'EDWWvgzCf', dif: 501 }","timestamp":"2019-02-25T11:24:26.074Z"}
{"level":"info","message":"{ clientId: 'EDWWvgzCf', dif: 504 }","timestamp":"2019-02-25T11:24:31.071Z"}
{"level":"info","message":"{ clientId: 'EDWWvgzCf', dif: 498 }","timestamp":"2019-02-25T11:24:36.071Z"}
{"level":"info","message":"{ clientId: 'EDWWvgzCf', dif: 500 }","timestamp":"2019-02-25T11:24:41.067Z"}
{"level":"info","message":"{ clientId: 'EDWWvgzCf', dif: 500 }","timestamp":"2019-02-25T11:24:46.069Z"}
{"level":"info","message":"{ clientId: 'EDWWvgzCf', dif: 501 }","timestamp":"2019-02-25T11:24:51.070Z"}
{"level":"info","message":"{ clientId: 'EDWWvgzCf', dif: 500 }","timestamp":"2019-02-25T11:24:56.074Z"}
{"level":"info","message":"{ clientId: 'EDWWvgzCf', dif: 499 }","timestamp":"2019-02-25T11:25:01.067Z"}
{"level":"info","message":"{ clientId: 'EDWWvgzCf', dif: 500 }","timestamp":"2019-02-25T11:25:06.071Z"}
{"level":"info","message":"{ clientId: 'EDWWvgzCf', dif: 500 }","timestamp":"2019-02-25T11:25:11.068Z"}
{"level":"info","message":"{ clientId: 'EDWWvgzCf', dif: 500 }","timestamp":"2019-02-25T11:25:16.069Z"}
{"level":"info","message":"{ clientId: 'EDWWvgzCf', dif: 500 }","timestamp":"2019-02-25T11:25:21.069Z"}
{"level":"info","message":"{ clientId: 'EDWWvgzCf', dif: 499 }","timestamp":"2019-02-25T11:25:26.070Z"}
{"level":"info","message":"{ clientId: 'EDWWvgzCf', dif: 500 }","timestamp":"2019-02-25T11:25:31.067Z"}
{"level":"info","message":"{ clientId: 'EDWWvgzCf', dif: 500 }","timestamp":"2019-02-25T11:25:36.070Z"}
{"level":"info","message":"{ clientId: 'EDWWvgzCf', dif: 501 }","timestamp":"2019-02-25T11:25:41.070Z"}
{"level":"info","message":"{ clientId: 'EDWWvgzCf', dif: 500 }","timestamp":"2019-02-25T11:25:46.067Z"}
{"level":"info","message":"{ clientId: 'EDWWvgzCf', dif: 499 }","timestamp":"2019-02-25T11:25:51.067Z"}
{"level":"info","message":"{ clientId: 'EDWWvgzCf', dif: 500 }","timestamp":"2019-02-25T11:25:56.069Z"}
{"level":"info","message":"{ clientId: 'EDWWvgzCf', dif: 500 }","timestamp":"2019-02-25T11:26:01.074Z"}
{"level":"info","message":"{ clientId: 'EDWWvgzCf', dif: 503 }","timestamp":"2019-02-25T11:26:06.070Z"}
{"level":"info","message":"{ clientId: 'EDWWvgzCf', dif: 500 }","timestamp":"2019-02-25T11:26:11.067Z"}
{"level":"info","message":"{ clientId: 'EDWWvgzCf', dif: 500 }","timestamp":"2019-02-25T11:26:16.068Z"}
{"level":"info","message":"{ clientId: 'EDWWvgzCf', dif: 500 }","timestamp":"2019-02-25T11:26:21.068Z"}
{"level":"info","message":"{ clientId: 'EDWWvgzCf', dif: 499 }","timestamp":"2019-02-25T11:26:26.068Z"}
{"level":"info","message":"{ clientId: 'EDWWvgzCf', dif: 498 }","timestamp":"2019-02-25T11:26:31.068Z"}
{"level":"info","message":"{ clientId: 'EDWWvgzCf', dif: 500 }","timestamp":"2019-02-25T11:26:36.068Z"}
{"level":"info","message":"{ clientId: 'EDWWvgzCf', dif: 498 }","timestamp":"2019-02-25T11:26:41.068Z"}
{"level":"info","message":"{ clientId: 'EDWWvgzCf', dif: 503 }","timestamp":"2019-02-25T11:26:46.072Z"}
{"level":"info","message":"{ clientId: 'EDWWvgzCf', dif: 499 }","timestamp":"2019-02-25T11:26:51.069Z"}
{"level":"info","message":"{ clientId: 'EDWWvgzCf', dif: 500 }","timestamp":"2019-02-25T11:26:56.068Z"}
{"level":"info","message":"{ clientId: 'EDWWvgzCf', dif: 500 }","timestamp":"2019-02-25T11:27:01.066Z"}
{"level":"info","message":"{ clientId: 'EDWWvgzCf', dif: 500 }","timestamp":"2019-02-25T11:27:06.071Z"}
{"level":"info","message":"{ clientId: 'EDWWvgzCf', dif: 499 }","timestamp":"2019-02-25T11:27:11.068Z"}
{"level":"info","message":"{ clientId: 'EDWWvgzCf', dif: 499 }","timestamp":"2019-02-25T11:27:16.067Z"}
{"level":"info","message":"{ clientId: 'EDWWvgzCf', dif: 501 }","timestamp":"2019-02-25T11:27:21.068Z"}
{"level":"info","message":"{ clientId: 'EDWWvgzCf', dif: 500 }","timestamp":"2019-02-25T11:27:26.066Z"}
{"level":"info","message":"{ clientId: 'EDWWvgzCf', dif: 500 }","timestamp":"2019-02-25T11:27:31.067Z"}
{"level":"info","message":"{ clientId: 'EDWWvgzCf', dif: 501 }","timestamp":"2019-02-25T11:27:36.068Z"}
{"level":"info","message":"{ clientId: 'EDWWvgzCf', dif: 500 }","timestamp":"2019-02-25T11:27:41.066Z"}
{"level":"info","message":"{ clientId: 'EDWWvgzCf', dif: 500 }","timestamp":"2019-02-25T11:27:46.067Z"}
{"level":"info","message":"{ clientId: 'EDWWvgzCf', dif: 498 }","timestamp":"2019-02-25T11:27:51.067Z"}
{"level":"info","message":"{ clientId: 'EDWWvgzCf', dif: 500 }","timestamp":"2019-02-25T11:27:56.068Z"}
{"level":"info","message":"{ clientId: 'EDWWvgzCf', dif: 501 }","timestamp":"2019-02-25T11:28:01.067Z"}
{"level":"info","message":"{ clientId: 'EDWWvgzCf', dif: 500 }","timestamp":"2019-02-25T11:28:06.066Z"}
{"level":"info","message":"{ clientId: 'EDWWvgzCf', dif: 501 }","timestamp":"2019-02-25T11:28:11.066Z"}
{"level":"info","message":"{ clientId: 'EDWWvgzCf', dif: 500 }","timestamp":"2019-02-25T11:28:16.066Z"}
{"level":"info","message":"{ clientId: 'EDWWvgzCf', dif: 501 }","timestamp":"2019-02-25T11:28:21.067Z"}
{"level":"info","message":"{ clientId: 'EDWWvgzCf', dif: 500 }","timestamp":"2019-02-25T11:28:26.066Z"}
{"level":"info","message":"{ clientId: 'EDWWvgzCf', dif: 500 }","timestamp":"2019-02-25T11:28:31.067Z"}
{"level":"info","message":"{ clientId: 'EDWWvgzCf', dif: 502 }","timestamp":"2019-02-25T11:28:36.069Z"}
{"level":"info","message":"{ clientId: 'EDWWvgzCf', dif: 500 }","timestamp":"2019-02-25T11:28:41.066Z"}
{"level":"info","message":"{ clientId: 'EDWWvgzCf', dif: 499 }","timestamp":"2019-02-25T11:28:46.068Z"}
{"level":"info","message":"{ clientId: 'EDWWvgzCf', dif: 499 }","timestamp":"2019-02-25T11:28:51.067Z"}
{"level":"info","message":"{ clientId: 'EDWWvgzCf', dif: 500 }","timestamp":"2019-02-25T11:28:56.067Z"}
{"level":"info","message":"{ clientId: 'EDWWvgzCf', dif: 500 }","timestamp":"2019-02-25T11:29:01.067Z"}
{"level":"info","message":"{ clientId: 'EDWWvgzCf', dif: 500 }","timestamp":"2019-02-25T11:29:06.067Z"}
{"level":"info","message":"{ clientId: 'EDWWvgzCf', dif: 499 }","timestamp":"2019-02-25T11:29:11.067Z"}
{"level":"info","message":"{ clientId: 'EDWWvgzCf', dif: 499 }","timestamp":"2019-02-25T11:29:16.067Z"}
{"level":"info","message":"{ clientId: 'EDWWvgzCf', dif: 500 }","timestamp":"2019-02-25T11:29:21.068Z"}
{"level":"info","message":"{ clientId: 'EDWWvgzCf', dif: 500 }","timestamp":"2019-02-25T11:29:26.067Z"}
{"level":"info","message":"{ clientId: 'EDWWvgzCf', dif: 499 }","timestamp":"2019-02-25T11:29:31.067Z"}
{"level":"info","message":"{ clientId: 'EDWWvgzCf', dif: 500 }","timestamp":"2019-02-25T11:29:36.069Z"}
{"level":"info","message":"{ clientId: 'i7GbeDLY_', dif: 496 }","timestamp":"2019-02-25T12:16:50.077Z"}
{"level":"info","message":"{ clientId: 'i7GbeDLY_', dif: 500 }","timestamp":"2019-02-25T12:16:55.070Z"}
{"level":"info","message":"{ clientId: 'i7GbeDLY_', dif: 500 }","timestamp":"2019-02-25T12:17:00.074Z"}
{"level":"info","message":"{ clientId: 'i7GbeDLY_', dif: 499 }","timestamp":"2019-02-25T12:17:05.067Z"}
{"level":"info","message":"{ clientId: 'k6d1xQgQX', dif: 0 }","timestamp":"2019-02-25T12:17:08.365Z"}
{"level":"info","message":"{ clientId: 'i7GbeDLY_', dif: 501 }","timestamp":"2019-02-25T12:17:10.070Z"}
{"level":"info","message":"{ clientId: 'k6d1xQgQX', dif: 1 }","timestamp":"2019-02-25T12:17:13.365Z"}
{"level":"info","message":"{ clientId: 'i7GbeDLY_', dif: 502 }","timestamp":"2019-02-25T12:17:15.067Z"}
